\BOOKMARK [0][]{section*.1}{Dedication}{}% 1
\BOOKMARK [0][]{section*.2}{Acknowledgments}{}% 2
\BOOKMARK [0][]{section*.3}{Abstract}{}% 3
\BOOKMARK [0][]{vi.0}{Table of Contents}{}% 4
\BOOKMARK [0][]{section*.5}{List of Figures}{}% 5
\BOOKMARK [0][]{section*.6}{List of Tables}{}% 6
\BOOKMARK [0][]{section*.7}{List of Abbreviations}{}% 7
\BOOKMARK [0][]{section*.8}{List of Symbols}{}% 8
\BOOKMARK [0][]{section*.9}{Glossary of Terms}{}% 9
\BOOKMARK [0][]{chapter.1}{STANDARD MODEL}{}% 10
\BOOKMARK [1][]{section.1.1}{Basic concepts}{chapter.1}% 11
\BOOKMARK [2][]{subsection.1.1.1}{Fundamental forces}{section.1.1}% 12
\BOOKMARK [2][]{subsection.1.1.2}{Particle Families}{section.1.1}% 13
\BOOKMARK [1][]{section.1.2}{Description of standard model}{chapter.1}% 14
\BOOKMARK [2][]{subsection.1.2.1}{The elements of the Lagrangian}{section.1.2}% 15
\BOOKMARK [1][]{section.1.3}{Experiment CMS}{chapter.1}% 16
\BOOKMARK [2][]{subsection.1.3.1}{Compact Muon Solenoid}{section.1.3}% 17
\BOOKMARK [2][]{subsection.1.3.2}{Description}{section.1.3}% 18
\BOOKMARK [0][]{chapter.2}{Beyond Standard Model}{}% 19
\BOOKMARK [1][]{section.2.1}{Dark matter}{chapter.2}% 20
\BOOKMARK [1][]{section.2.2}{Dark-SUSY model}{chapter.2}% 21
\BOOKMARK [1][]{section.2.3}{Previous searches}{chapter.2}% 22
\BOOKMARK [0][]{chapter.3}{Delphes Simulation}{}% 23
\BOOKMARK [1][]{section.3.1}{Muon efficiency parametrization}{chapter.3}% 24
\BOOKMARK [1][]{section.3.2}{Integration of Dark-SUSY model}{chapter.3}% 25
\BOOKMARK [0][]{chapter.4}{CMS detector}{}% 26
\BOOKMARK [1][]{subsection.4.0.1}{Muon system}{chapter.4}% 27
\BOOKMARK [0][]{chapter.5}{High Luminosity Era}{}% 28
\BOOKMARK [0][]{chapter.6}{Signal characterization}{}% 29
\BOOKMARK [1][]{section.6.1}{Simulation comparision current detector vs HL-LHC}{chapter.6}% 30
\BOOKMARK [0][]{chapter.7}{Conclusions}{}% 31
\BOOKMARK [0][]{section*.12}{Bibliography}{}% 32
\BOOKMARK [0][]{appendix.A}{Appendix}{}% 33
\BOOKMARK [1][]{section.A.1}{A section}{appendix.A}% 34
\BOOKMARK [1][]{section.A.2}{False Position}{appendix.A}% 35
\BOOKMARK [1][]{section.A.3}{Starting the Appendices}{appendix.A}% 36
\BOOKMARK [0][]{appendix.B}{Another Appendix}{}% 37
