\BOOKMARK [0][-]{chapter.1}{F\355sica de Part\355culas}{}% 1
\BOOKMARK [1][-]{section.1.1}{Modelo Est\341ndar}{chapter.1}% 2
\BOOKMARK [2][-]{subsection.1.1.1}{Composici\363n de la materia e interacciones fundamentales}{section.1.1}% 3
\BOOKMARK [2][-]{subsection.1.1.2}{Simetr\355as y lagrangiano}{section.1.1}% 4
\BOOKMARK [2][-]{subsection.1.1.3}{Insuficiencias del modelo}{section.1.1}% 5
\BOOKMARK [1][-]{section.1.2}{M\341s all\341 del modelo est\341ndar con la materia oscura}{chapter.1}% 6
\BOOKMARK [2][-]{subsection.1.2.1}{Evidencias observacionales}{section.1.2}% 7
\BOOKMARK [2][-]{subsection.1.2.2}{Composici\363n de la materia oscura}{section.1.2}% 8
\BOOKMARK [2][-]{subsection.1.2.3}{Extensi\363n del Modelo Est\341ndar con Supersimetr\355a}{section.1.2}% 9
\BOOKMARK [0][-]{chapter.2}{Experimento y Simulaci\363n}{}% 10
\BOOKMARK [1][-]{section.2.1}{F\355sica de Altas Energ\355as}{chapter.2}% 11
\BOOKMARK [2][-]{subsection.2.1.1}{Actualizando HLC}{section.2.1}% 12
\BOOKMARK [1][-]{section.2.2}{Experimento CMS}{chapter.2}% 13
\BOOKMARK [2][-]{subsection.2.2.1}{Identificaci\363n y Reconstrucci\363n de Muones}{section.2.2}% 14
\BOOKMARK [1][-]{section.2.3}{Simulaci\363n en Altas Energ\355as}{chapter.2}% 15
\BOOKMARK [2][-]{subsection.2.3.1}{Implementando ROOT}{section.2.3}% 16
\BOOKMARK [2][-]{subsection.2.3.2}{Altas Energ\355as con MadGraph}{section.2.3}% 17
\BOOKMARK [2][-]{subsection.2.3.3}{Hadronizacion con Pythia 8}{section.2.3}% 18
\BOOKMARK [2][-]{subsection.2.3.4}{Simulando el detector con Delphes 3}{section.2.3}% 19
\BOOKMARK [0][-]{chapter.3}{Simulaci\363n, an\341lisis y discusi\363n de los resultados}{}% 20
\BOOKMARK [1][-]{section.3.1}{Herramientas de caracterizaci\363n}{chapter.3}% 21
\BOOKMARK [2][-]{subsection.3.1.1}{Generaci\363n de los datos}{section.3.1}% 22
\BOOKMARK [2][-]{subsection.3.1.2}{Procesamiento y conversi\363n de los datos}{section.3.1}% 23
\BOOKMARK [2][-]{subsection.3.1.3}{M\351todos de regresi\363n de datos}{section.3.1}% 24
\BOOKMARK [1][-]{section.3.2}{An\341lisis de la se\361al sin detectores}{chapter.3}% 25
\BOOKMARK [1][-]{section.3.3}{An\341lisis de eventos}{chapter.3}% 26
\BOOKMARK [1][-]{section.3.4}{Generalidades de las propiedades independientes de los muones}{chapter.3}% 27
\BOOKMARK [1][-]{section.3.5}{Reconstrucci\363n de los fotones oscuros}{chapter.3}% 28
\BOOKMARK [2][-]{subsection.3.5.1}{Reconstrucci\363n de los eventos con 4 muones}{section.3.5}% 29
\BOOKMARK [2][-]{subsection.3.5.2}{Reconstrucci\363n de los eventos con menos de 4 muones}{section.3.5}% 30
\BOOKMARK [2][-]{subsection.3.5.3}{Reconstrucci\363n total de fotones oscuros}{section.3.5}% 31
\BOOKMARK [1][-]{section.3.6}{Aislamiento}{chapter.3}% 32
\BOOKMARK [0][-]{appendix.Alph1}{Experimentos de Materia Oscura}{}% 33
\BOOKMARK [0][-]{appendix.Alph2}{Name of Appendix B}{}% 34
\BOOKMARK [0][-]{appendix*.27}{Referencias Bibliogr\341ficas}{}% 35
